-------------------------------------------------------------------------------
Test set: com.pkaushik.safeHome.SafeHomeApplicationTests
-------------------------------------------------------------------------------
Tests run: 16, Failures: 2, Errors: 13, Skipped: 0, Time elapsed: 1.335 s <<< FAILURE! - in com.pkaushik.safeHome.SafeHomeApplicationTests
testValidRegisterAsStudent(com.pkaushik.safeHome.SafeHomeApplicationTests)  Time elapsed: 0.078 s  <<< ERROR!
java.lang.IllegalStateException: Required identifier property not found for class com.pkaushik.safeHome.model.Student!
	at com.pkaushik.safeHome.SafeHomeApplicationTests.testValidRegisterAsStudent(SafeHomeApplicationTests.java:54)

testWalkerQueryList(com.pkaushik.safeHome.SafeHomeApplicationTests)  Time elapsed: 0.094 s  <<< ERROR!
java.lang.IllegalStateException: Required identifier property not found for class com.pkaushik.safeHome.model.Walker!
	at com.pkaushik.safeHome.SafeHomeApplicationTests.testWalkerQueryList(SafeHomeApplicationTests.java:181)

testStudentCanSelectAWalker(com.pkaushik.safeHome.SafeHomeApplicationTests)  Time elapsed: 0.078 s  <<< ERROR!
java.lang.IllegalStateException: Required identifier property not found for class com.pkaushik.safeHome.model.Walker!
	at com.pkaushik.safeHome.SafeHomeApplicationTests.testStudentCanSelectAWalker(SafeHomeApplicationTests.java:251)

testInvalidRegisterAsStudent(com.pkaushik.safeHome.SafeHomeApplicationTests)  Time elapsed: 0.109 s  <<< FAILURE!
java.lang.AssertionError: 

Expected: (an instance of java.lang.IllegalArgumentException and exception with message a string containing "Please ensure you have entered correct credentials.")
     but: an instance of java.lang.IllegalArgumentException <java.lang.IllegalStateException: Required identifier property not found for class com.pkaushik.safeHome.model.Walker!> is a java.lang.IllegalStateException
Stacktrace was: java.lang.IllegalStateException: Required identifier property not found for class com.pkaushik.safeHome.model.Walker!
	at org.springframework.data.mapping.PersistentEntity.getRequiredIdProperty(PersistentEntity.java:105)
	at org.springframework.data.relational.core.mapping.RelationalPersistentEntityImpl.getIdColumn(RelationalPersistentEntityImpl.java:71)
	at org.springframework.data.jdbc.core.SqlContext.getIdColumn(SqlContext.java:41)
	at org.springframework.data.jdbc.core.SqlGenerator.getIdColumn(SqlGenerator.java:531)
	at org.springframework.data.jdbc.core.SqlGenerator.createExistsSql(SqlGenerator.java:374)
	at org.springframework.data.util.Lazy.getNullable(Lazy.java:211)
	at org.springframework.data.util.Lazy.get(Lazy.java:94)
	at org.springframework.data.jdbc.core.SqlGenerator.getExists(SqlGenerator.java:167)
	at org.springframework.data.jdbc.core.DefaultDataAccessStrategy.existsById(DefaultDataAccessStrategy.java:302)
	at org.springframework.data.jdbc.core.JdbcAggregateTemplate.existsById(JdbcAggregateTemplate.java:177)
	at org.springframework.data.jdbc.repository.support.SimpleJdbcRepository.existsById(SimpleJdbcRepository.java:77)
	at sun.reflect.NativeMethodAccessorImpl.invoke0(Native Method)
	at sun.reflect.NativeMethodAccessorImpl.invoke(NativeMethodAccessorImpl.java:62)
	at sun.reflect.DelegatingMethodAccessorImpl.invoke(DelegatingMethodAccessorImpl.java:43)
	at java.lang.reflect.Method.invoke(Method.java:498)
	at org.springframework.data.repository.core.support.RepositoryComposition$RepositoryFragments.invoke(RepositoryComposition.java:359)
	at org.springframework.data.repository.core.support.RepositoryComposition.invoke(RepositoryComposition.java:200)
	at org.springframework.data.repository.core.support.RepositoryFactorySupport$ImplementationMethodExecutionInterceptor.invoke(RepositoryFactorySupport.java:641)
	at org.springframework.aop.framework.ReflectiveMethodInvocation.proceed(ReflectiveMethodInvocation.java:186)
	at org.springframework.data.repository.core.support.RepositoryFactorySupport$QueryExecutorMethodInterceptor.doInvoke(RepositoryFactorySupport.java:605)
	at org.springframework.data.repository.core.support.RepositoryFactorySupport$QueryExecutorMethodInterceptor.lambda$invoke$3(RepositoryFactorySupport.java:592)
	at org.springframework.data.repository.core.support.RepositoryFactorySupport$QueryExecutorMethodInterceptor.invoke(RepositoryFactorySupport.java:592)
	at org.springframework.aop.framework.ReflectiveMethodInvocation.proceed(ReflectiveMethodInvocation.java:186)
	at org.springframework.data.projection.DefaultMethodInvokingMethodInterceptor.invoke(DefaultMethodInvokingMethodInterceptor.java:59)
	at org.springframework.aop.framework.ReflectiveMethodInvocation.proceed(ReflectiveMethodInvocation.java:186)
	at org.springframework.transaction.interceptor.TransactionAspectSupport.invokeWithinTransaction(TransactionAspectSupport.java:302)
	at org.springframework.transaction.interceptor.TransactionInterceptor.invoke(TransactionInterceptor.java:98)
	at org.springframework.aop.framework.ReflectiveMethodInvocation.proceed(ReflectiveMethodInvocation.java:186)
	at org.springframework.dao.support.PersistenceExceptionTranslationInterceptor.invoke(PersistenceExceptionTranslationInterceptor.java:139)
	at org.springframework.aop.framework.ReflectiveMethodInvocation.proceed(ReflectiveMethodInvocation.java:186)
	at org.springframework.aop.interceptor.ExposeInvocationInterceptor.invoke(ExposeInvocationInterceptor.java:93)
	at org.springframework.aop.framework.ReflectiveMethodInvocation.proceed(ReflectiveMethodInvocation.java:186)
	at org.springframework.data.repository.core.support.SurroundingTransactionDetectorMethodInterceptor.invoke(SurroundingTransactionDetectorMethodInterceptor.java:61)
	at org.springframework.aop.framework.ReflectiveMethodInvocation.proceed(ReflectiveMethodInvocation.java:186)
	at org.springframework.aop.framework.JdkDynamicAopProxy.invoke(JdkDynamicAopProxy.java:212)
	at com.sun.proxy.$Proxy96.existsById(Unknown Source)
	at sun.reflect.NativeMethodAccessorImpl.invoke0(Native Method)
	at sun.reflect.NativeMethodAccessorImpl.invoke(NativeMethodAccessorImpl.java:62)
	at sun.reflect.DelegatingMethodAccessorImpl.invoke(DelegatingMethodAccessorImpl.java:43)
	at java.lang.reflect.Method.invoke(Method.java:498)
	at org.springframework.aop.support.AopUtils.invokeJoinpointUsingReflection(AopUtils.java:344)
	at org.springframework.aop.framework.ReflectiveMethodInvocation.invokeJoinpoint(ReflectiveMethodInvocation.java:198)
	at org.springframework.aop.framework.ReflectiveMethodInvocation.proceed(ReflectiveMethodInvocation.java:163)
	at org.springframework.dao.support.PersistenceExceptionTranslationInterceptor.invoke(PersistenceExceptionTranslationInterceptor.java:139)
	at org.springframework.aop.framework.ReflectiveMethodInvocation.proceed(ReflectiveMethodInvocation.java:186)
	at org.springframework.aop.framework.JdkDynamicAopProxy.invoke(JdkDynamicAopProxy.java:212)
	at com.sun.proxy.$Proxy96.existsById(Unknown Source)
	at com.pkaushik.safeHome.service.impl.UserAuthService.registerService(UserAuthService.java:56)
	at com.pkaushik.safeHome.SafeHomeApplicationTests.testInvalidRegisterAsStudent(SafeHomeApplicationTests.java:75)
	at sun.reflect.NativeMethodAccessorImpl.invoke0(Native Method)
	at sun.reflect.NativeMethodAccessorImpl.invoke(NativeMethodAccessorImpl.java:62)
	at sun.reflect.DelegatingMethodAccessorImpl.invoke(DelegatingMethodAccessorImpl.java:43)
	at java.lang.reflect.Method.invoke(Method.java:498)
	at org.junit.runners.model.FrameworkMethod$1.runReflectiveCall(FrameworkMethod.java:50)
	at org.junit.internal.runners.model.ReflectiveCallable.run(ReflectiveCallable.java:12)
	at org.junit.runners.model.FrameworkMethod.invokeExplosively(FrameworkMethod.java:47)
	at org.junit.internal.runners.statements.InvokeMethod.evaluate(InvokeMethod.java:17)
	at org.springframework.test.context.junit4.statements.RunBeforeTestExecutionCallbacks.evaluate(RunBeforeTestExecutionCallbacks.java:74)
	at org.springframework.test.context.junit4.statements.RunAfterTestExecutionCallbacks.evaluate(RunAfterTestExecutionCallbacks.java:84)
	at org.springframework.test.context.junit4.statements.RunBeforeTestMethodCallbacks.evaluate(RunBeforeTestMethodCallbacks.java:75)
	at org.springframework.test.context.junit4.statements.RunAfterTestMethodCallbacks.evaluate(RunAfterTestMethodCallbacks.java:86)
	at org.junit.rules.ExpectedException$ExpectedExceptionStatement.evaluate(ExpectedException.java:239)
	at org.junit.rules.RunRules.evaluate(RunRules.java:20)
	at org.springframework.test.context.junit4.statements.SpringRepeat.evaluate(SpringRepeat.java:84)
	at org.junit.runners.ParentRunner.runLeaf(ParentRunner.java:325)
	at org.springframework.test.context.junit4.SpringJUnit4ClassRunner.runChild(SpringJUnit4ClassRunner.java:251)
	at org.springframework.test.context.junit4.SpringJUnit4ClassRunner.runChild(SpringJUnit4ClassRunner.java:97)
	at org.junit.runners.ParentRunner$3.run(ParentRunner.java:290)
	at org.junit.runners.ParentRunner$1.schedule(ParentRunner.java:71)
	at org.junit.runners.ParentRunner.runChildren(ParentRunner.java:288)
	at org.junit.runners.ParentRunner.access$000(ParentRunner.java:58)
	at org.junit.runners.ParentRunner$2.evaluate(ParentRunner.java:268)
	at org.springframework.test.context.junit4.statements.RunBeforeTestClassCallbacks.evaluate(RunBeforeTestClassCallbacks.java:61)
	at org.springframework.test.context.junit4.statements.RunAfterTestClassCallbacks.evaluate(RunAfterTestClassCallbacks.java:70)
	at org.junit.runners.ParentRunner.run(ParentRunner.java:363)
	at org.springframework.test.context.junit4.SpringJUnit4ClassRunner.run(SpringJUnit4ClassRunner.java:190)
	at org.apache.maven.surefire.junit4.JUnit4Provider.execute(JUnit4Provider.java:365)
	at org.apache.maven.surefire.junit4.JUnit4Provider.executeWithRerun(JUnit4Provider.java:273)
	at org.apache.maven.surefire.junit4.JUnit4Provider.executeTestSet(JUnit4Provider.java:238)
	at org.apache.maven.surefire.junit4.JUnit4Provider.invoke(JUnit4Provider.java:159)
	at org.apache.maven.surefire.booter.ForkedBooter.invokeProviderInSameClassLoader(ForkedBooter.java:384)
	at org.apache.maven.surefire.booter.ForkedBooter.runSuitesInProcess(ForkedBooter.java:345)
	at org.apache.maven.surefire.booter.ForkedBooter.execute(ForkedBooter.java:126)
	at org.apache.maven.surefire.booter.ForkedBooter.main(ForkedBooter.java:418)


testLogInAsStudentOnly(com.pkaushik.safeHome.SafeHomeApplicationTests)  Time elapsed: 0.078 s  <<< ERROR!
java.lang.IllegalStateException: Required identifier property not found for class com.pkaushik.safeHome.model.Student!
	at com.pkaushik.safeHome.SafeHomeApplicationTests.testLogInAsStudentOnly(SafeHomeApplicationTests.java:104)

testStudentQueryList(com.pkaushik.safeHome.SafeHomeApplicationTests)  Time elapsed: 0.063 s  <<< ERROR!
java.lang.IllegalStateException: Required identifier property not found for class com.pkaushik.safeHome.model.Student!
	at com.pkaushik.safeHome.SafeHomeApplicationTests.testStudentQueryList(SafeHomeApplicationTests.java:196)

testUserMapList(com.pkaushik.safeHome.SafeHomeApplicationTests)  Time elapsed: 0.14 s  <<< ERROR!
java.lang.IllegalStateException: Required identifier property not found for class com.pkaushik.safeHome.model.Walker!
	at com.pkaushik.safeHome.SafeHomeApplicationTests.testUserMapList(SafeHomeApplicationTests.java:154)

testValidRegisterAsWalker(com.pkaushik.safeHome.SafeHomeApplicationTests)  Time elapsed: 0.063 s  <<< ERROR!
java.lang.IllegalStateException: Required identifier property not found for class com.pkaushik.safeHome.model.Walker!
	at com.pkaushik.safeHome.SafeHomeApplicationTests.testValidRegisterAsWalker(SafeHomeApplicationTests.java:81)

testLogOutAfterLogIn(com.pkaushik.safeHome.SafeHomeApplicationTests)  Time elapsed: 0.094 s  <<< ERROR!
java.lang.IllegalStateException: Required identifier property not found for class com.pkaushik.safeHome.model.Walker!
	at com.pkaushik.safeHome.SafeHomeApplicationTests.testLogOutAfterLogIn(SafeHomeApplicationTests.java:142)

testWalkerHasSchedule(com.pkaushik.safeHome.SafeHomeApplicationTests)  Time elapsed: 0.078 s  <<< ERROR!
java.lang.IllegalStateException: Required identifier property not found for class com.pkaushik.safeHome.model.Walker!
	at com.pkaushik.safeHome.SafeHomeApplicationTests.testWalkerHasSchedule(SafeHomeApplicationTests.java:234)

testLogInWithoutRegister(com.pkaushik.safeHome.SafeHomeApplicationTests)  Time elapsed: 0.093 s  <<< FAILURE!
java.lang.AssertionError: Expected test to throw (an instance of java.lang.IllegalArgumentException and exception with message a string containing "The user does not exist. Please create an account first.")

testWalkersDTO(com.pkaushik.safeHome.SafeHomeApplicationTests)  Time elapsed: 0.125 s  <<< ERROR!
java.lang.IllegalStateException: Required identifier property not found for class com.pkaushik.safeHome.model.Walker!
	at com.pkaushik.safeHome.SafeHomeApplicationTests.testWalkersDTO(SafeHomeApplicationTests.java:220)

testPassLogInAsWalker(com.pkaushik.safeHome.SafeHomeApplicationTests)  Time elapsed: 0.078 s  <<< ERROR!
java.lang.IllegalStateException: Required identifier property not found for class com.pkaushik.safeHome.model.Walker!
	at com.pkaushik.safeHome.SafeHomeApplicationTests.testPassLogInAsWalker(SafeHomeApplicationTests.java:124)

testFailLogInAsWalker(com.pkaushik.safeHome.SafeHomeApplicationTests)  Time elapsed: 0.079 s  <<< ERROR!
java.lang.IllegalStateException: Required identifier property not found for class com.pkaushik.safeHome.model.Student!
	at com.pkaushik.safeHome.SafeHomeApplicationTests.testFailLogInAsWalker(SafeHomeApplicationTests.java:113)

testUserQueryList(com.pkaushik.safeHome.SafeHomeApplicationTests)  Time elapsed: 0.085 s  <<< ERROR!
java.lang.IllegalStateException: Required identifier property not found for class com.pkaushik.safeHome.model.Walker!
	at com.pkaushik.safeHome.SafeHomeApplicationTests.testUserQueryList(SafeHomeApplicationTests.java:167)

